<?xml version="1.0" encoding="UTF-8"?>
<!-- Generated by org.testng.reporters.JUnitReportReporter -->
<testsuite skipped="0" hostname="DESKTOP-3DADRPD" name="com.crm.qa.testcases.HomePageTest" tests="2" failures="0" timestamp="2021-09-23T13:08:56 IST" time="29.055" errors="0">
  <testcase name="verifyHomePageTitle" time="13.818" classname="com.crm.qa.testcases.HomePageTest"/>
  <system-out/>
  <testcase name="verifyUserNameLabel" time="15.237" classname="com.crm.qa.testcases.HomePageTest"/>
  <system-out/>
</testsuite> <!-- com.crm.qa.testcases.HomePageTest -->
