<?xml version="1.0" encoding="UTF-8"?>
<!-- Generated by org.testng.reporters.JUnitReportReporter -->
<testsuite skipped="0" hostname="DESKTOP-3DADRPD" name="com.crm.qa.testcases.LoginPageTest" tests="2" failures="0" timestamp="2021-09-25T13:07:11 IST" time="34.295" errors="0">
  <testcase name="verifyLoginpPageTitle" time="11.123" classname="com.crm.qa.testcases.LoginPageTest"/>
  <system-out/>
  <testcase name="successfulLogin" time="23.172" classname="com.crm.qa.testcases.LoginPageTest"/>
  <system-out/>
</testsuite> <!-- com.crm.qa.testcases.LoginPageTest -->
