<?xml version="1.0" encoding="UTF-8"?>
<!-- Generated by org.testng.reporters.JUnitReportReporter -->
<testsuite skipped="0" hostname="DESKTOP-3DADRPD" name="com.crm.qa.testcases.LoginPageTest" tests="2" failures="0" timestamp="27 Sep 2021 05:08:07 GMT" time="25.963" errors="0">
  <testcase name="verifyLoginpPageTitle" time="9.791" classname="com.crm.qa.testcases.LoginPageTest"/>
  <testcase name="successfulLogin" time="16.172" classname="com.crm.qa.testcases.LoginPageTest"/>
</testsuite> <!-- com.crm.qa.testcases.LoginPageTest -->
