<?xml version="1.0" encoding="UTF-8"?>
<!-- Generated by org.testng.reporters.JUnitReportReporter -->
<testsuite skipped="0" hostname="DESKTOP-3DADRPD" name="com.crm.qa.testcases.ContactsPageTest" tests="7" failures="0" timestamp="27 Sep 2021 05:08:07 GMT" time="148.189" errors="0">
  <testcase name="verifyContactsPageLabel" time="22.576" classname="com.crm.qa.testcases.ContactsPageTest"/>
  <testcase name="verifyContactsSelectAction" time="17.807" classname="com.crm.qa.testcases.ContactsPageTest"/>
  <testcase name="verifyMultipleSelectActions" time="19.156" classname="com.crm.qa.testcases.ContactsPageTest"/>
  <testcase name="verifyContactisSelected" time="17.346" classname="com.crm.qa.testcases.ContactsPageTest"/>
  <testcase name="validateCreateOnNewContact" time="23.062" classname="com.crm.qa.testcases.ContactsPageTest"/>
  <testcase name="validateCreateOnNewContact" time="22.669" classname="com.crm.qa.testcases.ContactsPageTest"/>
  <testcase name="validateCreateOnNewContact" time="25.573" classname="com.crm.qa.testcases.ContactsPageTest"/>
</testsuite> <!-- com.crm.qa.testcases.ContactsPageTest -->
