<?xml version="1.0" encoding="UTF-8"?>
<!-- Generated by org.testng.reporters.JUnitReportReporter -->
<testsuite skipped="0" hostname="DESKTOP-3DADRPD" name="com.crm.qa.testcases.HomePageTest" tests="2" failures="0" timestamp="27 Sep 2021 05:08:07 GMT" time="34.104" errors="0">
  <testcase name="verifyHomePageTitle" time="17.217" classname="com.crm.qa.testcases.HomePageTest"/>
  <testcase name="verifyUserNameLabel" time="16.887" classname="com.crm.qa.testcases.HomePageTest"/>
</testsuite> <!-- com.crm.qa.testcases.HomePageTest -->
